<?xml version="1.0" encoding="UTF-8"?>
<!-- Generated by org.testng.reporters.JUnitXMLReporter -->
<testsuite ignored="0" hostname="d625da8b2c9b528" failures="0" tests="1" name="Test" time="0.104" errors="0" timestamp="2026-06-12T16:28:40 IST">
  <testcase classname="tests.SauceDemoTest" name="@BeforeMethod setup" time="-1.781261920579E9">
    <failure type="org.testng.TestNGException" message="
Parameter &amp;apos;browser&amp;apos; is required by BeforeMethod on method setup but has not been marked @Optional or defined
in C:\Users\Administrator\Desktop\VMAgentProject\akanksharath2003gmailcom_1781260170023\Akanksha_Rath_Final_Milestone\Ecom_Automation_Final\testng.xml">
      <![CDATA[org.testng.TestNGException: 
Parameter 'browser' is required by BeforeMethod on method setup but has not been marked @Optional or defined
in C:\Users\Administrator\Desktop\VMAgentProject\akanksharath2003gmailcom_1781260170023\Akanksha_Rath_Final_Milestone\Ecom_Automation_Final\testng.xml
at java.base/java.util.ArrayList.forEach(ArrayList.java:1596)
... Removed 28 stack frames]]>
    </failure>
  </testcase> <!-- @BeforeMethod setup -->
  <testcase classname="tests.SauceDemoTest" name="@AfterMethod tearDown" time="0.0">
    <skipped/>
  </testcase> <!-- @AfterMethod tearDown -->
  <testcase classname="tests.SauceDemoTest" name="orderTest" time="0.001">
    <skipped/>
  </testcase> <!-- orderTest -->
</testsuite> <!-- Test -->
