<?xml version="1.0" encoding="UTF-8"?>
<testng-results ignored="0" total="2" passed="2" failed="0" skipped="0">
  <reporter-output>
  </reporter-output>
  <suite started-at="2026-06-12T17:20:14 IST" name="SauceDemoSuite" finished-at="2026-06-12T17:21:08 IST" duration-ms="53604">
    <groups>
    </groups>
    <test started-at="2026-06-12T17:20:14 IST" name="Chrome" finished-at="2026-06-12T17:20:41 IST" duration-ms="27259">
      <class name="tests.SauceDemoTest">
        <test-method is-config="true" signature="setup(java.lang.String)[pri:0, instance:tests.SauceDemoTest@776aec5c]" started-at="2026-06-12T17:20:14 IST" name="setup" finished-at="2026-06-12T17:20:17 IST" duration-ms="2476" status="PASS">
          <params>
            <param index="0">
              <value>
                <![CDATA[chrome]]>
              </value>
            </param>
          </params>
          <reporter-output>
          </reporter-output>
        </test-method> <!-- setup -->
        <test-method signature="orderTest()[pri:0, instance:tests.SauceDemoTest@776aec5c]" started-at="2026-06-12T17:20:17 IST" name="orderTest" finished-at="2026-06-12T17:20:41 IST" duration-ms="24160" status="PASS">
          <reporter-output>
          </reporter-output>
        </test-method> <!-- orderTest -->
        <test-method is-config="true" signature="tearDown()[pri:0, instance:tests.SauceDemoTest@776aec5c]" started-at="2026-06-12T17:20:41 IST" name="tearDown" finished-at="2026-06-12T17:20:41 IST" duration-ms="569" status="PASS">
          <reporter-output>
          </reporter-output>
        </test-method> <!-- tearDown -->
      </class> <!-- tests.SauceDemoTest -->
    </test> <!-- Chrome -->
    <test started-at="2026-06-12T17:20:42 IST" name="Edge" finished-at="2026-06-12T17:21:08 IST" duration-ms="26317">
      <class name="tests.SauceDemoTest">
        <test-method is-config="true" signature="setup(java.lang.String)[pri:0, instance:tests.SauceDemoTest@6200f9cb]" started-at="2026-06-12T17:20:42 IST" name="setup" finished-at="2026-06-12T17:20:43 IST" duration-ms="1565" status="PASS">
          <params>
            <param index="0">
              <value>
                <![CDATA[edge]]>
              </value>
            </param>
          </params>
          <reporter-output>
          </reporter-output>
        </test-method> <!-- setup -->
        <test-method signature="orderTest()[pri:0, instance:tests.SauceDemoTest@6200f9cb]" started-at="2026-06-12T17:20:43 IST" name="orderTest" finished-at="2026-06-12T17:21:07 IST" duration-ms="24384" status="PASS">
          <reporter-output>
          </reporter-output>
        </test-method> <!-- orderTest -->
        <test-method is-config="true" signature="tearDown()[pri:0, instance:tests.SauceDemoTest@6200f9cb]" started-at="2026-06-12T17:21:07 IST" name="tearDown" finished-at="2026-06-12T17:21:08 IST" duration-ms="361" status="PASS">
          <reporter-output>
          </reporter-output>
        </test-method> <!-- tearDown -->
      </class> <!-- tests.SauceDemoTest -->
    </test> <!-- Edge -->
  </suite> <!-- SauceDemoSuite -->
</testng-results>
